<!doctype html>
<html lang="">
<head>
    <meta charset="UTF-8">
    <meta name="viewport"
          content="width=device-width, user-scalable=no, initial-scale=1.0, maximum-scale=1.0, minimum-scale=1.0">
    <meta http-equiv="X-UA-Compatible" content="ie=edge">
    <title>Test Results Report - Default test</title>

    <link href="reportng.css" rel="stylesheet" type="text/css"/>
</head>
<body>
<div id="meta">
Generated by <a href="http://www.testng.org" target="_blank">TestNG</a> with <a href="https://github.com/testng-team/reportng" target="_blank">ReportNG</a>
at ??:?? GMT+03:00 on ÇáÃÑÈÚÇÁ ?? íæáíæ ????
    <br/><span
    id="systemInfo">Rehab@DESKTOP-KLDKTS6&nbsp;/&nbsp;Java 16.0.1 (Oracle Corporation)&nbsp;/&nbsp;Windows 10 10.0 (amd64)</span>
</div>
<h1>Default test</h1>

<p>
    <a href="index.html">Suites</a>
        &#183; <a href="output.html">Log Output</a>
</p>

<p>Test duration
    : ?????s</p>

    <table class="resultsTable configTable">
        <tr>
            <th class="header failedConfig"
                colspan="3">Failed Configuration</th>
        </tr>
            <tr class="group">
                <td colspan="3">SwiggyAutomationCases.checkoutProcess</td>
            </tr>
    <tr>
        <td class="method">
                quit
        </td>
        <td class="duration">
            ?????s
        </td>
        <td class="result">
            <!-- Display the dependencies for skipped test methods -->


            <!-- Show logger output for the test -->

                <a href="javascript:toggleElement('exception-?', 'block')"
                   title="Click to expand/collapse">
                    <b>java.lang.NullPointerException: Cannot invoke &quot;org.openqa.selenium.WebDriver.quit()&quot; because &quot;SwiggyAutomationCases.loginSignUpFunctionality.driver&quot; is null</b>
                </a>
                <br/>
                <div class="stackTrace" id="exception-?">
                        SwiggyAutomationCases.loginSignUpFunctionality.quit(loginSignUpFunctionality.java:177)<br/>
                        java.base/jdk.internal.reflect.NativeMethodAccessorImpl.invoke0(Native Method)<br/>
                        java.base/jdk.internal.reflect.NativeMethodAccessorImpl.invoke(NativeMethodAccessorImpl.java:78)<br/>
                        java.base/jdk.internal.reflect.DelegatingMethodAccessorImpl.invoke(DelegatingMethodAccessorImpl.java:43)<br/>
                        java.base/java.lang.reflect.Method.invoke(Method.java:567)<br/>
                        org.testng.internal.MethodInvocationHelper.invokeMethod(MethodInvocationHelper.java:133)<br/>
                        org.testng.internal.MethodInvocationHelper.invokeMethodConsideringTimeout(MethodInvocationHelper.java:62)<br/>
                        org.testng.internal.ConfigInvoker.invokeConfigurationMethod(ConfigInvoker.java:385)<br/>
                        org.testng.internal.ConfigInvoker.invokeConfigurations(ConfigInvoker.java:321)<br/>
                        org.testng.TestRunner.invokeTestConfigurations(TestRunner.java:637)<br/>
                        org.testng.TestRunner.afterRun(TestRunner.java:877)<br/>
                        org.testng.TestRunner.run(TestRunner.java:599)<br/>
                        org.testng.SuiteRunner.runTest(SuiteRunner.java:377)<br/>
                        org.testng.SuiteRunner.runSequentially(SuiteRunner.java:371)<br/>
                        org.testng.SuiteRunner.privateRun(SuiteRunner.java:332)<br/>
                        org.testng.SuiteRunner.run(SuiteRunner.java:276)<br/>
                        org.testng.SuiteRunnerWorker.runSuite(SuiteRunnerWorker.java:53)<br/>
                        org.testng.SuiteRunnerWorker.run(SuiteRunnerWorker.java:96)<br/>
                        org.testng.TestNG.runSuitesSequentially(TestNG.java:1212)<br/>
                        org.testng.TestNG.runSuitesLocally(TestNG.java:1134)<br/>
                        org.testng.TestNG.runSuites(TestNG.java:1063)<br/>
                        org.testng.TestNG.run(TestNG.java:1031)<br/>
                        org.testng.remote.AbstractRemoteTestNG.run(AbstractRemoteTestNG.java:115)<br/>
                        org.testng.remote.RemoteTestNG.initAndRun(RemoteTestNG.java:251)<br/>
                        org.testng.remote.RemoteTestNG.main(RemoteTestNG.java:77)<br/>
                </div>
        </td>
    </tr>

    </table>

    <table class="resultsTable">
        <tr>
            <th colspan="3" class="header failed">Failed Tests</th>
        </tr>
            <tr>
                <td class="group" colspan="3">SwiggyAutomationCases.checkoutProcess</td>
            </tr>
    <tr>
        <td class="method">
                addToCart
        </td>
        <td class="duration">
            ?????s
        </td>
        <td class="result">
            <!-- Display the dependencies for skipped test methods -->


            <!-- Show logger output for the test -->

                <a href="javascript:toggleElement('exception-?', 'block')"
                   title="Click to expand/collapse">
                    <b>java.lang.NullPointerException: Cannot invoke &quot;com.aventstack.extentreports.ExtentReports.createTest(String)&quot; because &quot;SwiggyAutomationCases.checkoutProcess.extent&quot; is null</b>
                </a>
                <br/>
                <div class="stackTrace" id="exception-?">
                        SwiggyAutomationCases.checkoutProcess.addToCart(checkoutProcess.java:133)<br/>
                        java.base/jdk.internal.reflect.NativeMethodAccessorImpl.invoke0(Native Method)<br/>
                        java.base/jdk.internal.reflect.NativeMethodAccessorImpl.invoke(NativeMethodAccessorImpl.java:78)<br/>
                        java.base/jdk.internal.reflect.DelegatingMethodAccessorImpl.invoke(DelegatingMethodAccessorImpl.java:43)<br/>
                        java.base/java.lang.reflect.Method.invoke(Method.java:567)<br/>
                        org.testng.internal.MethodInvocationHelper.invokeMethod(MethodInvocationHelper.java:133)<br/>
                        org.testng.internal.TestInvoker.invokeMethod(TestInvoker.java:598)<br/>
                        org.testng.internal.TestInvoker.invokeTestMethod(TestInvoker.java:173)<br/>
                        org.testng.internal.MethodRunner.runInSequence(MethodRunner.java:46)<br/>
                        org.testng.internal.TestInvoker$MethodInvocationAgent.invoke(TestInvoker.java:824)<br/>
                        org.testng.internal.TestInvoker.invokeTestMethods(TestInvoker.java:146)<br/>
                        org.testng.internal.TestMethodWorker.invokeTestMethods(TestMethodWorker.java:146)<br/>
                        org.testng.internal.TestMethodWorker.run(TestMethodWorker.java:128)<br/>
                        java.base/java.util.ArrayList.forEach(ArrayList.java:1511)<br/>
                        org.testng.TestRunner.privateRun(TestRunner.java:794)<br/>
                        org.testng.TestRunner.run(TestRunner.java:596)<br/>
                        org.testng.SuiteRunner.runTest(SuiteRunner.java:377)<br/>
                        org.testng.SuiteRunner.runSequentially(SuiteRunner.java:371)<br/>
                        org.testng.SuiteRunner.privateRun(SuiteRunner.java:332)<br/>
                        org.testng.SuiteRunner.run(SuiteRunner.java:276)<br/>
                        org.testng.SuiteRunnerWorker.runSuite(SuiteRunnerWorker.java:53)<br/>
                        org.testng.SuiteRunnerWorker.run(SuiteRunnerWorker.java:96)<br/>
                        org.testng.TestNG.runSuitesSequentially(TestNG.java:1212)<br/>
                        org.testng.TestNG.runSuitesLocally(TestNG.java:1134)<br/>
                        org.testng.TestNG.runSuites(TestNG.java:1063)<br/>
                        org.testng.TestNG.run(TestNG.java:1031)<br/>
                        org.testng.remote.AbstractRemoteTestNG.run(AbstractRemoteTestNG.java:115)<br/>
                        org.testng.remote.RemoteTestNG.initAndRun(RemoteTestNG.java:251)<br/>
                        org.testng.remote.RemoteTestNG.main(RemoteTestNG.java:77)<br/>
                </div>
        </td>
    </tr>
    <tr>
        <td class="method">
                checkout
        </td>
        <td class="duration">
            ?????s
        </td>
        <td class="result">
            <!-- Display the dependencies for skipped test methods -->


            <!-- Show logger output for the test -->

                <a href="javascript:toggleElement('exception-?', 'block')"
                   title="Click to expand/collapse">
                    <b>java.lang.NullPointerException: Cannot invoke &quot;com.aventstack.extentreports.ExtentReports.createTest(String)&quot; because &quot;SwiggyAutomationCases.checkoutProcess.extent&quot; is null</b>
                </a>
                <br/>
                <div class="stackTrace" id="exception-?">
                        SwiggyAutomationCases.checkoutProcess.checkout(checkoutProcess.java:165)<br/>
                        java.base/jdk.internal.reflect.NativeMethodAccessorImpl.invoke0(Native Method)<br/>
                        java.base/jdk.internal.reflect.NativeMethodAccessorImpl.invoke(NativeMethodAccessorImpl.java:78)<br/>
                        java.base/jdk.internal.reflect.DelegatingMethodAccessorImpl.invoke(DelegatingMethodAccessorImpl.java:43)<br/>
                        java.base/java.lang.reflect.Method.invoke(Method.java:567)<br/>
                        org.testng.internal.MethodInvocationHelper.invokeMethod(MethodInvocationHelper.java:133)<br/>
                        org.testng.internal.TestInvoker.invokeMethod(TestInvoker.java:598)<br/>
                        org.testng.internal.TestInvoker.invokeTestMethod(TestInvoker.java:173)<br/>
                        org.testng.internal.MethodRunner.runInSequence(MethodRunner.java:46)<br/>
                        org.testng.internal.TestInvoker$MethodInvocationAgent.invoke(TestInvoker.java:824)<br/>
                        org.testng.internal.TestInvoker.invokeTestMethods(TestInvoker.java:146)<br/>
                        org.testng.internal.TestMethodWorker.invokeTestMethods(TestMethodWorker.java:146)<br/>
                        org.testng.internal.TestMethodWorker.run(TestMethodWorker.java:128)<br/>
                        java.base/java.util.ArrayList.forEach(ArrayList.java:1511)<br/>
                        org.testng.TestRunner.privateRun(TestRunner.java:794)<br/>
                        org.testng.TestRunner.run(TestRunner.java:596)<br/>
                        org.testng.SuiteRunner.runTest(SuiteRunner.java:377)<br/>
                        org.testng.SuiteRunner.runSequentially(SuiteRunner.java:371)<br/>
                        org.testng.SuiteRunner.privateRun(SuiteRunner.java:332)<br/>
                        org.testng.SuiteRunner.run(SuiteRunner.java:276)<br/>
                        org.testng.SuiteRunnerWorker.runSuite(SuiteRunnerWorker.java:53)<br/>
                        org.testng.SuiteRunnerWorker.run(SuiteRunnerWorker.java:96)<br/>
                        org.testng.TestNG.runSuitesSequentially(TestNG.java:1212)<br/>
                        org.testng.TestNG.runSuitesLocally(TestNG.java:1134)<br/>
                        org.testng.TestNG.runSuites(TestNG.java:1063)<br/>
                        org.testng.TestNG.run(TestNG.java:1031)<br/>
                        org.testng.remote.AbstractRemoteTestNG.run(AbstractRemoteTestNG.java:115)<br/>
                        org.testng.remote.RemoteTestNG.initAndRun(RemoteTestNG.java:251)<br/>
                        org.testng.remote.RemoteTestNG.main(RemoteTestNG.java:77)<br/>
                </div>
        </td>
    </tr>
    <tr>
        <td class="method">
                launchBrowser
        </td>
        <td class="duration">
            ?????s
        </td>
        <td class="result">
            <!-- Display the dependencies for skipped test methods -->


            <!-- Show logger output for the test -->

                <a href="javascript:toggleElement('exception-?', 'block')"
                   title="Click to expand/collapse">
                    <b>java.lang.NullPointerException: Cannot invoke &quot;com.aventstack.extentreports.ExtentReports.createTest(String)&quot; because &quot;SwiggyAutomationCases.loginSignUpFunctionality.extent&quot; is null</b>
                </a>
                <br/>
                <div class="stackTrace" id="exception-?">
                        SwiggyAutomationCases.loginSignUpFunctionality.launchBrowser(loginSignUpFunctionality.java:98)<br/>
                        java.base/jdk.internal.reflect.NativeMethodAccessorImpl.invoke0(Native Method)<br/>
                        java.base/jdk.internal.reflect.NativeMethodAccessorImpl.invoke(NativeMethodAccessorImpl.java:78)<br/>
                        java.base/jdk.internal.reflect.DelegatingMethodAccessorImpl.invoke(DelegatingMethodAccessorImpl.java:43)<br/>
                        java.base/java.lang.reflect.Method.invoke(Method.java:567)<br/>
                        org.testng.internal.MethodInvocationHelper.invokeMethod(MethodInvocationHelper.java:133)<br/>
                        org.testng.internal.TestInvoker.invokeMethod(TestInvoker.java:598)<br/>
                        org.testng.internal.TestInvoker.invokeTestMethod(TestInvoker.java:173)<br/>
                        org.testng.internal.MethodRunner.runInSequence(MethodRunner.java:46)<br/>
                        org.testng.internal.TestInvoker$MethodInvocationAgent.invoke(TestInvoker.java:824)<br/>
                        org.testng.internal.TestInvoker.invokeTestMethods(TestInvoker.java:146)<br/>
                        org.testng.internal.TestMethodWorker.invokeTestMethods(TestMethodWorker.java:146)<br/>
                        org.testng.internal.TestMethodWorker.run(TestMethodWorker.java:128)<br/>
                        java.base/java.util.ArrayList.forEach(ArrayList.java:1511)<br/>
                        org.testng.TestRunner.privateRun(TestRunner.java:794)<br/>
                        org.testng.TestRunner.run(TestRunner.java:596)<br/>
                        org.testng.SuiteRunner.runTest(SuiteRunner.java:377)<br/>
                        org.testng.SuiteRunner.runSequentially(SuiteRunner.java:371)<br/>
                        org.testng.SuiteRunner.privateRun(SuiteRunner.java:332)<br/>
                        org.testng.SuiteRunner.run(SuiteRunner.java:276)<br/>
                        org.testng.SuiteRunnerWorker.runSuite(SuiteRunnerWorker.java:53)<br/>
                        org.testng.SuiteRunnerWorker.run(SuiteRunnerWorker.java:96)<br/>
                        org.testng.TestNG.runSuitesSequentially(TestNG.java:1212)<br/>
                        org.testng.TestNG.runSuitesLocally(TestNG.java:1134)<br/>
                        org.testng.TestNG.runSuites(TestNG.java:1063)<br/>
                        org.testng.TestNG.run(TestNG.java:1031)<br/>
                        org.testng.remote.AbstractRemoteTestNG.run(AbstractRemoteTestNG.java:115)<br/>
                        org.testng.remote.RemoteTestNG.initAndRun(RemoteTestNG.java:251)<br/>
                        org.testng.remote.RemoteTestNG.main(RemoteTestNG.java:77)<br/>
                </div>
        </td>
    </tr>
    <tr>
        <td class="method">
                launchSwiggy
        </td>
        <td class="duration">
            ?????s
        </td>
        <td class="result">
            <!-- Display the dependencies for skipped test methods -->


            <!-- Show logger output for the test -->

                <a href="javascript:toggleElement('exception-?', 'block')"
                   title="Click to expand/collapse">
                    <b>java.lang.NullPointerException: Cannot invoke &quot;com.aventstack.extentreports.ExtentReports.createTest(String)&quot; because &quot;SwiggyAutomationCases.loginSignUpFunctionality.extent&quot; is null</b>
                </a>
                <br/>
                <div class="stackTrace" id="exception-?">
                        SwiggyAutomationCases.loginSignUpFunctionality.launchSwiggy(loginSignUpFunctionality.java:116)<br/>
                        java.base/jdk.internal.reflect.NativeMethodAccessorImpl.invoke0(Native Method)<br/>
                        java.base/jdk.internal.reflect.NativeMethodAccessorImpl.invoke(NativeMethodAccessorImpl.java:78)<br/>
                        java.base/jdk.internal.reflect.DelegatingMethodAccessorImpl.invoke(DelegatingMethodAccessorImpl.java:43)<br/>
                        java.base/java.lang.reflect.Method.invoke(Method.java:567)<br/>
                        org.testng.internal.MethodInvocationHelper.invokeMethod(MethodInvocationHelper.java:133)<br/>
                        org.testng.internal.TestInvoker.invokeMethod(TestInvoker.java:598)<br/>
                        org.testng.internal.TestInvoker.invokeTestMethod(TestInvoker.java:173)<br/>
                        org.testng.internal.MethodRunner.runInSequence(MethodRunner.java:46)<br/>
                        org.testng.internal.TestInvoker$MethodInvocationAgent.invoke(TestInvoker.java:824)<br/>
                        org.testng.internal.TestInvoker.invokeTestMethods(TestInvoker.java:146)<br/>
                        org.testng.internal.TestMethodWorker.invokeTestMethods(TestMethodWorker.java:146)<br/>
                        org.testng.internal.TestMethodWorker.run(TestMethodWorker.java:128)<br/>
                        java.base/java.util.ArrayList.forEach(ArrayList.java:1511)<br/>
                        org.testng.TestRunner.privateRun(TestRunner.java:794)<br/>
                        org.testng.TestRunner.run(TestRunner.java:596)<br/>
                        org.testng.SuiteRunner.runTest(SuiteRunner.java:377)<br/>
                        org.testng.SuiteRunner.runSequentially(SuiteRunner.java:371)<br/>
                        org.testng.SuiteRunner.privateRun(SuiteRunner.java:332)<br/>
                        org.testng.SuiteRunner.run(SuiteRunner.java:276)<br/>
                        org.testng.SuiteRunnerWorker.runSuite(SuiteRunnerWorker.java:53)<br/>
                        org.testng.SuiteRunnerWorker.run(SuiteRunnerWorker.java:96)<br/>
                        org.testng.TestNG.runSuitesSequentially(TestNG.java:1212)<br/>
                        org.testng.TestNG.runSuitesLocally(TestNG.java:1134)<br/>
                        org.testng.TestNG.runSuites(TestNG.java:1063)<br/>
                        org.testng.TestNG.run(TestNG.java:1031)<br/>
                        org.testng.remote.AbstractRemoteTestNG.run(AbstractRemoteTestNG.java:115)<br/>
                        org.testng.remote.RemoteTestNG.initAndRun(RemoteTestNG.java:251)<br/>
                        org.testng.remote.RemoteTestNG.main(RemoteTestNG.java:77)<br/>
                </div>
        </td>
    </tr>
    <tr>
        <td class="method">
                logIn
        </td>
        <td class="duration">
            ?????s
        </td>
        <td class="result">
            <!-- Display the dependencies for skipped test methods -->


            <!-- Show logger output for the test -->

                <a href="javascript:toggleElement('exception-?', 'block')"
                   title="Click to expand/collapse">
                    <b>java.lang.NullPointerException: Cannot invoke &quot;com.aventstack.extentreports.ExtentReports.createTest(String)&quot; because &quot;SwiggyAutomationCases.loginSignUpFunctionality.extent&quot; is null</b>
                </a>
                <br/>
                <div class="stackTrace" id="exception-?">
                        SwiggyAutomationCases.loginSignUpFunctionality.logIn(loginSignUpFunctionality.java:169)<br/>
                        java.base/jdk.internal.reflect.NativeMethodAccessorImpl.invoke0(Native Method)<br/>
                        java.base/jdk.internal.reflect.NativeMethodAccessorImpl.invoke(NativeMethodAccessorImpl.java:78)<br/>
                        java.base/jdk.internal.reflect.DelegatingMethodAccessorImpl.invoke(DelegatingMethodAccessorImpl.java:43)<br/>
                        java.base/java.lang.reflect.Method.invoke(Method.java:567)<br/>
                        org.testng.internal.MethodInvocationHelper.invokeMethod(MethodInvocationHelper.java:133)<br/>
                        org.testng.internal.TestInvoker.invokeMethod(TestInvoker.java:598)<br/>
                        org.testng.internal.TestInvoker.invokeTestMethod(TestInvoker.java:173)<br/>
                        org.testng.internal.MethodRunner.runInSequence(MethodRunner.java:46)<br/>
                        org.testng.internal.TestInvoker$MethodInvocationAgent.invoke(TestInvoker.java:824)<br/>
                        org.testng.internal.TestInvoker.invokeTestMethods(TestInvoker.java:146)<br/>
                        org.testng.internal.TestMethodWorker.invokeTestMethods(TestMethodWorker.java:146)<br/>
                        org.testng.internal.TestMethodWorker.run(TestMethodWorker.java:128)<br/>
                        java.base/java.util.ArrayList.forEach(ArrayList.java:1511)<br/>
                        org.testng.TestRunner.privateRun(TestRunner.java:794)<br/>
                        org.testng.TestRunner.run(TestRunner.java:596)<br/>
                        org.testng.SuiteRunner.runTest(SuiteRunner.java:377)<br/>
                        org.testng.SuiteRunner.runSequentially(SuiteRunner.java:371)<br/>
                        org.testng.SuiteRunner.privateRun(SuiteRunner.java:332)<br/>
                        org.testng.SuiteRunner.run(SuiteRunner.java:276)<br/>
                        org.testng.SuiteRunnerWorker.runSuite(SuiteRunnerWorker.java:53)<br/>
                        org.testng.SuiteRunnerWorker.run(SuiteRunnerWorker.java:96)<br/>
                        org.testng.TestNG.runSuitesSequentially(TestNG.java:1212)<br/>
                        org.testng.TestNG.runSuitesLocally(TestNG.java:1134)<br/>
                        org.testng.TestNG.runSuites(TestNG.java:1063)<br/>
                        org.testng.TestNG.run(TestNG.java:1031)<br/>
                        org.testng.remote.AbstractRemoteTestNG.run(AbstractRemoteTestNG.java:115)<br/>
                        org.testng.remote.RemoteTestNG.initAndRun(RemoteTestNG.java:251)<br/>
                        org.testng.remote.RemoteTestNG.main(RemoteTestNG.java:77)<br/>
                </div>
        </td>
    </tr>
    <tr>
        <td class="method">
                searchLocation
        </td>
        <td class="duration">
            ?????s
        </td>
        <td class="result">
            <!-- Display the dependencies for skipped test methods -->


            <!-- Show logger output for the test -->

                <a href="javascript:toggleElement('exception-?', 'block')"
                   title="Click to expand/collapse">
                    <b>java.lang.NullPointerException: Cannot invoke &quot;com.aventstack.extentreports.ExtentReports.createTest(String)&quot; because &quot;SwiggyAutomationCases.checkoutProcess.extent&quot; is null</b>
                </a>
                <br/>
                <div class="stackTrace" id="exception-?">
                        SwiggyAutomationCases.checkoutProcess.searchLocation(checkoutProcess.java:90)<br/>
                        java.base/jdk.internal.reflect.NativeMethodAccessorImpl.invoke0(Native Method)<br/>
                        java.base/jdk.internal.reflect.NativeMethodAccessorImpl.invoke(NativeMethodAccessorImpl.java:78)<br/>
                        java.base/jdk.internal.reflect.DelegatingMethodAccessorImpl.invoke(DelegatingMethodAccessorImpl.java:43)<br/>
                        java.base/java.lang.reflect.Method.invoke(Method.java:567)<br/>
                        org.testng.internal.MethodInvocationHelper.invokeMethod(MethodInvocationHelper.java:133)<br/>
                        org.testng.internal.TestInvoker.invokeMethod(TestInvoker.java:598)<br/>
                        org.testng.internal.TestInvoker.invokeTestMethod(TestInvoker.java:173)<br/>
                        org.testng.internal.MethodRunner.runInSequence(MethodRunner.java:46)<br/>
                        org.testng.internal.TestInvoker$MethodInvocationAgent.invoke(TestInvoker.java:824)<br/>
                        org.testng.internal.TestInvoker.invokeTestMethods(TestInvoker.java:146)<br/>
                        org.testng.internal.TestMethodWorker.invokeTestMethods(TestMethodWorker.java:146)<br/>
                        org.testng.internal.TestMethodWorker.run(TestMethodWorker.java:128)<br/>
                        java.base/java.util.ArrayList.forEach(ArrayList.java:1511)<br/>
                        org.testng.TestRunner.privateRun(TestRunner.java:794)<br/>
                        org.testng.TestRunner.run(TestRunner.java:596)<br/>
                        org.testng.SuiteRunner.runTest(SuiteRunner.java:377)<br/>
                        org.testng.SuiteRunner.runSequentially(SuiteRunner.java:371)<br/>
                        org.testng.SuiteRunner.privateRun(SuiteRunner.java:332)<br/>
                        org.testng.SuiteRunner.run(SuiteRunner.java:276)<br/>
                        org.testng.SuiteRunnerWorker.runSuite(SuiteRunnerWorker.java:53)<br/>
                        org.testng.SuiteRunnerWorker.run(SuiteRunnerWorker.java:96)<br/>
                        org.testng.TestNG.runSuitesSequentially(TestNG.java:1212)<br/>
                        org.testng.TestNG.runSuitesLocally(TestNG.java:1134)<br/>
                        org.testng.TestNG.runSuites(TestNG.java:1063)<br/>
                        org.testng.TestNG.run(TestNG.java:1031)<br/>
                        org.testng.remote.AbstractRemoteTestNG.run(AbstractRemoteTestNG.java:115)<br/>
                        org.testng.remote.RemoteTestNG.initAndRun(RemoteTestNG.java:251)<br/>
                        org.testng.remote.RemoteTestNG.main(RemoteTestNG.java:77)<br/>
                </div>
        </td>
    </tr>
    <tr>
        <td class="method">
                searchRestuarants_Product
        </td>
        <td class="duration">
            ?????s
        </td>
        <td class="result">
            <!-- Display the dependencies for skipped test methods -->


            <!-- Show logger output for the test -->

                <a href="javascript:toggleElement('exception-?', 'block')"
                   title="Click to expand/collapse">
                    <b>java.lang.NullPointerException: Cannot invoke &quot;com.aventstack.extentreports.ExtentReports.createTest(String)&quot; because &quot;SwiggyAutomationCases.checkoutProcess.extent&quot; is null</b>
                </a>
                <br/>
                <div class="stackTrace" id="exception-?">
                        SwiggyAutomationCases.checkoutProcess.searchRestuarants_Product(checkoutProcess.java:111)<br/>
                        java.base/jdk.internal.reflect.NativeMethodAccessorImpl.invoke0(Native Method)<br/>
                        java.base/jdk.internal.reflect.NativeMethodAccessorImpl.invoke(NativeMethodAccessorImpl.java:78)<br/>
                        java.base/jdk.internal.reflect.DelegatingMethodAccessorImpl.invoke(DelegatingMethodAccessorImpl.java:43)<br/>
                        java.base/java.lang.reflect.Method.invoke(Method.java:567)<br/>
                        org.testng.internal.MethodInvocationHelper.invokeMethod(MethodInvocationHelper.java:133)<br/>
                        org.testng.internal.TestInvoker.invokeMethod(TestInvoker.java:598)<br/>
                        org.testng.internal.TestInvoker.invokeTestMethod(TestInvoker.java:173)<br/>
                        org.testng.internal.MethodRunner.runInSequence(MethodRunner.java:46)<br/>
                        org.testng.internal.TestInvoker$MethodInvocationAgent.invoke(TestInvoker.java:824)<br/>
                        org.testng.internal.TestInvoker.invokeTestMethods(TestInvoker.java:146)<br/>
                        org.testng.internal.TestMethodWorker.invokeTestMethods(TestMethodWorker.java:146)<br/>
                        org.testng.internal.TestMethodWorker.run(TestMethodWorker.java:128)<br/>
                        java.base/java.util.ArrayList.forEach(ArrayList.java:1511)<br/>
                        org.testng.TestRunner.privateRun(TestRunner.java:794)<br/>
                        org.testng.TestRunner.run(TestRunner.java:596)<br/>
                        org.testng.SuiteRunner.runTest(SuiteRunner.java:377)<br/>
                        org.testng.SuiteRunner.runSequentially(SuiteRunner.java:371)<br/>
                        org.testng.SuiteRunner.privateRun(SuiteRunner.java:332)<br/>
                        org.testng.SuiteRunner.run(SuiteRunner.java:276)<br/>
                        org.testng.SuiteRunnerWorker.runSuite(SuiteRunnerWorker.java:53)<br/>
                        org.testng.SuiteRunnerWorker.run(SuiteRunnerWorker.java:96)<br/>
                        org.testng.TestNG.runSuitesSequentially(TestNG.java:1212)<br/>
                        org.testng.TestNG.runSuitesLocally(TestNG.java:1134)<br/>
                        org.testng.TestNG.runSuites(TestNG.java:1063)<br/>
                        org.testng.TestNG.run(TestNG.java:1031)<br/>
                        org.testng.remote.AbstractRemoteTestNG.run(AbstractRemoteTestNG.java:115)<br/>
                        org.testng.remote.RemoteTestNG.initAndRun(RemoteTestNG.java:251)<br/>
                        org.testng.remote.RemoteTestNG.main(RemoteTestNG.java:77)<br/>
                </div>
        </td>
    </tr>
    </table>


    <table class="resultsTable" width="100%">
        <tr>
            <th colspan="3" class="header passed">Passed Tests</th>
        </tr>
            <tr>
                <td class="group" colspan="3">SwiggyAutomationCases.checkoutProcess</td>
            </tr>
    <tr>
        <td class="method">
                setExtent
        </td>
        <td class="duration">
            ?????s
        </td>
        <td class="result">
            <!-- Display the dependencies for skipped test methods -->


            <!-- Show logger output for the test -->

        </td>
    </tr>
    <tr>
        <td class="method">
                signUp
        </td>
        <td class="duration">
            ?????s
        </td>
        <td class="result">
            <!-- Display the dependencies for skipped test methods -->


            <!-- Show logger output for the test -->

        </td>
    </tr>
    </table>

<script type="text/javascript" src="reportng.js"></script>
</body>
